INFO: [VRFC 10-2263] Analyzing Verilog file "D:/Desktop/CU/Y2/S2/HW_Lab/final/final_project_320/final_project_320.gen/sources_1/ip/blk_mem_gen_0/sim/blk_mem_gen_0.v" into library xil_defaultlib
INFO: [VRFC 10-311] analyzing module blk_mem_gen_0
INFO: [VRFC 10-2263] Analyzing Verilog file "D:/Desktop/CU/Y2/S2/HW_Lab/final/final_project_320/final_project_320.gen/sources_1/ip/clk_wiz_0/clk_wiz_0_clk_wiz.v" into library xil_defaultlib
INFO: [VRFC 10-311] analyzing module clk_wiz_0_clk_wiz
INFO: [VRFC 10-2263] Analyzing Verilog file "D:/Desktop/CU/Y2/S2/HW_Lab/final/final_project_320/final_project_320.gen/sources_1/ip/clk_wiz_0/clk_wiz_0.v" into library xil_defaultlib
INFO: [VRFC 10-311] analyzing module clk_wiz_0
INFO: [VRFC 10-2263] Analyzing Verilog file "D:/Desktop/CU/Y2/S2/HW_Lab/final/final_project_320/final_project_320.srcs/sources_1/imports/New folder/clock.v" into library xil_defaultlib
INFO: [VRFC 10-311] analyzing module clock
INFO: [VRFC 10-2263] Analyzing Verilog file "D:/Desktop/CU/Y2/S2/HW_Lab/final/final_project_320/final_project_320.srcs/sources_1/imports/New folder/filter_sel.v" into library xil_defaultlib
INFO: [VRFC 10-311] analyzing module filter_sel
INFO: [VRFC 10-2263] Analyzing Verilog file "D:/Desktop/CU/Y2/S2/HW_Lab/final/final_project_320/final_project_320.srcs/sources_1/imports/New folder/frame_buffer.v" into library xil_defaultlib
INFO: [VRFC 10-311] analyzing module frame_buffer
INFO: [VRFC 10-2263] Analyzing Verilog file "D:/Desktop/CU/Y2/S2/HW_Lab/final/final_project_320/final_project_320.srcs/sources_1/imports/New folder/ov7670_capture.v" into library xil_defaultlib
INFO: [VRFC 10-311] analyzing module ov7670_capture
INFO: [VRFC 10-2263] Analyzing Verilog file "D:/Desktop/CU/Y2/S2/HW_Lab/final/final_project_320/final_project_320.srcs/sources_1/imports/New folder/ov7670_registers.v" into library xil_defaultlib
INFO: [VRFC 10-311] analyzing module ov7670_registers
INFO: [VRFC 10-2263] Analyzing Verilog file "D:/Desktop/CU/Y2/S2/HW_Lab/final/final_project_320/final_project_320.srcs/sources_1/imports/New folder/ov7670_setting.v" into library xil_defaultlib
INFO: [VRFC 10-311] analyzing module ov7670_setting
WARNING: [VRFC 10-3380] identifier 'WAIT' is used before its declaration [D:/Desktop/CU/Y2/S2/HW_Lab/final/final_project_320/final_project_320.srcs/sources_1/imports/New folder/ov7670_setting.v:19]
WARNING: [VRFC 10-3380] identifier 'bit_cnt' is used before its declaration [D:/Desktop/CU/Y2/S2/HW_Lab/final/final_project_320/final_project_320.srcs/sources_1/imports/New folder/ov7670_setting.v:27]
INFO: [VRFC 10-2263] Analyzing Verilog file "D:/Desktop/CU/Y2/S2/HW_Lab/final/final_project_320/final_project_320.srcs/sources_1/imports/New folder/top_module.v" into library xil_defaultlib
INFO: [VRFC 10-311] analyzing module top_module
INFO: [VRFC 10-2263] Analyzing Verilog file "D:/Desktop/CU/Y2/S2/HW_Lab/final/final_project_320/final_project_320.srcs/sources_1/imports/New folder/vga_controller.v" into library xil_defaultlib
INFO: [VRFC 10-311] analyzing module vga_controller
INFO: [VRFC 10-2263] Analyzing Verilog file "D:/Desktop/CU/Y2/S2/HW_Lab/final/final_project_320/final_project_320.srcs/sim_1/new/testbench.v" into library xil_defaultlib
INFO: [VRFC 10-311] analyzing module testbench
INFO: [VRFC 10-2263] Analyzing Verilog file "D:/Desktop/CU/Y2/S2/HW_Lab/final/final_project_320/final_project_320.sim/sim_1/behav/xsim/glbl.v" into library xil_defaultlib
INFO: [VRFC 10-311] analyzing module glbl
