
*** Running vivado
    with args -log top_module.vds -m64 -product Vivado -mode batch -messageDb vivado.pb -notrace -source top_module.tcl



****** Vivado v2025.2 (64-bit)
  **** SW Build 6299465 on Fri Nov 14 19:35:11 GMT 2025
  **** IP Build 6300035 on Fri Nov 14 10:48:45 MST 2025
  **** SharedData Build 6298862 on Thu Nov 13 04:50:51 MST 2025
  **** Start of session at: Wed May 13 18:12:51 2026
    ** Copyright 1986-2022 Xilinx, Inc. All Rights Reserved.
    ** Copyright 2022-2025 Advanced Micro Devices, Inc. All Rights Reserved.

source top_module.tcl -notrace
create_project: Time (s): cpu = 00:00:11 ; elapsed = 00:00:07 . Memory (MB): peak = 525.258 ; gain = 220.430
Command: read_checkpoint -auto_incremental -incremental D:/Desktop/CU/Y2/S2/HW_Lab/final/final_project_320_640/final_project_320_640.srcs/utils_1/imports/synth_1/top_module.dcp
INFO: [Vivado 12-5825] Read reference checkpoint from D:/Desktop/CU/Y2/S2/HW_Lab/final/final_project_320_640/final_project_320_640.srcs/utils_1/imports/synth_1/top_module.dcp for incremental synthesis
INFO: [Vivado 12-7989] Please ensure there are no constraint changes
Command: synth_design -top top_module -part xc7a35tcpg236-1
Starting synth_design
Attempting to get a license for feature 'Synthesis' and/or device 'xc7a35t'
INFO: [Common 17-349] Got license for feature 'Synthesis' and/or device 'xc7a35t'
INFO: [Device 21-403] Loading part xc7a35tcpg236-1
INFO: [Designutils 20-5440] No compile time benefit to using incremental synthesis; A full resynthesis will be run
INFO: [Designutils 20-4379] Flow is switching to default flow due to incremental criteria not met. If you would like to alter this behaviour and have the flow terminate instead, please set the following parameter config_implementation {autoIncr.Synth.RejectBehavior Terminate}
INFO: [Synth 8-7079] Multithreading enabled for synth_design using a maximum of 2 processes.
INFO: [Synth 8-7078] Launching helper process for spawning children vivado processes
INFO: [Synth 8-7075] Helper process launched with PID 3236
---------------------------------------------------------------------------------
Starting RTL Elaboration : Time (s): cpu = 00:00:06 ; elapsed = 00:00:07 . Memory (MB): peak = 1274.199 ; gain = 541.051
---------------------------------------------------------------------------------
INFO: [Synth 8-11241] undeclared symbol 'xclk_vga', assumed default net type 'wire' [D:/Desktop/CU/Y2/S2/HW_Lab/final/final_project_320_640/final_project_320_640.srcs/sources_1/imports/New folder/top_module.v:40]
INFO: [Synth 8-6157] synthesizing module 'top_module' [D:/Desktop/CU/Y2/S2/HW_Lab/final/final_project_320_640/final_project_320_640.srcs/sources_1/imports/New folder/top_module.v:1]
INFO: [Synth 8-6157] synthesizing module 'clock' [D:/Desktop/CU/Y2/S2/HW_Lab/final/final_project_320_640/final_project_320_640.srcs/sources_1/imports/New folder/clock.v:3]
INFO: [Synth 8-6157] synthesizing module 'clk_wiz_0' [D:/Desktop/CU/Y2/S2/HW_Lab/final/final_project_320_640/final_project_320_640.runs/synth_1/.Xil/Vivado-8360-Siripudsorn/realtime/clk_wiz_0_stub.v:6]
INFO: [Synth 8-6155] done synthesizing module 'clk_wiz_0' (0#1) [D:/Desktop/CU/Y2/S2/HW_Lab/final/final_project_320_640/final_project_320_640.runs/synth_1/.Xil/Vivado-8360-Siripudsorn/realtime/clk_wiz_0_stub.v:6]
INFO: [Synth 8-6155] done synthesizing module 'clock' (0#1) [D:/Desktop/CU/Y2/S2/HW_Lab/final/final_project_320_640/final_project_320_640.srcs/sources_1/imports/New folder/clock.v:3]
INFO: [Synth 8-6157] synthesizing module 'ov7670_setting' [D:/Desktop/CU/Y2/S2/HW_Lab/final/final_project_320_640/final_project_320_640.srcs/sources_1/imports/New folder/ov7670_setting.v:3]
INFO: [Synth 8-6157] synthesizing module 'ov7670_registers' [D:/Desktop/CU/Y2/S2/HW_Lab/final/final_project_320_640/final_project_320_640.srcs/sources_1/imports/New folder/ov7670_registers.v:3]
INFO: [Synth 8-6155] done synthesizing module 'ov7670_registers' (0#1) [D:/Desktop/CU/Y2/S2/HW_Lab/final/final_project_320_640/final_project_320_640.srcs/sources_1/imports/New folder/ov7670_registers.v:3]
INFO: [Synth 8-226] default block is never used [D:/Desktop/CU/Y2/S2/HW_Lab/final/final_project_320_640/final_project_320_640.srcs/sources_1/imports/New folder/ov7670_setting.v:76]
INFO: [Synth 8-155] case statement is not full and has no default [D:/Desktop/CU/Y2/S2/HW_Lab/final/final_project_320_640/final_project_320_640.srcs/sources_1/imports/New folder/ov7670_setting.v:146]
INFO: [Synth 8-155] case statement is not full and has no default [D:/Desktop/CU/Y2/S2/HW_Lab/final/final_project_320_640/final_project_320_640.srcs/sources_1/imports/New folder/ov7670_setting.v:130]
INFO: [Synth 8-6155] done synthesizing module 'ov7670_setting' (0#1) [D:/Desktop/CU/Y2/S2/HW_Lab/final/final_project_320_640/final_project_320_640.srcs/sources_1/imports/New folder/ov7670_setting.v:3]
INFO: [Synth 8-6157] synthesizing module 'ov7670_capture' [D:/Desktop/CU/Y2/S2/HW_Lab/final/final_project_320_640/final_project_320_640.srcs/sources_1/imports/New folder/ov7670_capture.v:3]
INFO: [Synth 8-6155] done synthesizing module 'ov7670_capture' (0#1) [D:/Desktop/CU/Y2/S2/HW_Lab/final/final_project_320_640/final_project_320_640.srcs/sources_1/imports/New folder/ov7670_capture.v:3]
INFO: [Synth 8-6157] synthesizing module 'vga_controller' [D:/Desktop/CU/Y2/S2/HW_Lab/final/final_project_320_640/final_project_320_640.srcs/sources_1/imports/New folder/vga_controller.v:1]
INFO: [Synth 8-6155] done synthesizing module 'vga_controller' (0#1) [D:/Desktop/CU/Y2/S2/HW_Lab/final/final_project_320_640/final_project_320_640.srcs/sources_1/imports/New folder/vga_controller.v:1]
INFO: [Synth 8-6157] synthesizing module 'frame_buffer' [D:/Desktop/CU/Y2/S2/HW_Lab/final/final_project_320_640/final_project_320_640.srcs/sources_1/imports/New folder/frame_buffer.v:1]
INFO: [Synth 8-6157] synthesizing module 'blk_mem_gen_0' [D:/Desktop/CU/Y2/S2/HW_Lab/final/final_project_320_640/final_project_320_640.runs/synth_1/.Xil/Vivado-8360-Siripudsorn/realtime/blk_mem_gen_0_stub.v:6]
INFO: [Synth 8-6155] done synthesizing module 'blk_mem_gen_0' (0#1) [D:/Desktop/CU/Y2/S2/HW_Lab/final/final_project_320_640/final_project_320_640.runs/synth_1/.Xil/Vivado-8360-Siripudsorn/realtime/blk_mem_gen_0_stub.v:6]
WARNING: [Synth 8-7071] port 'douta' of module 'blk_mem_gen_0' is unconnected for instance 'mem' [D:/Desktop/CU/Y2/S2/HW_Lab/final/final_project_320_640/final_project_320_640.srcs/sources_1/imports/New folder/frame_buffer.v:18]
WARNING: [Synth 8-7071] port 'dinb' of module 'blk_mem_gen_0' is unconnected for instance 'mem' [D:/Desktop/CU/Y2/S2/HW_Lab/final/final_project_320_640/final_project_320_640.srcs/sources_1/imports/New folder/frame_buffer.v:18]
WARNING: [Synth 8-7023] instance 'mem' of module 'blk_mem_gen_0' has 12 connections declared, but only 10 given [D:/Desktop/CU/Y2/S2/HW_Lab/final/final_project_320_640/final_project_320_640.srcs/sources_1/imports/New folder/frame_buffer.v:18]
INFO: [Synth 8-6155] done synthesizing module 'frame_buffer' (0#1) [D:/Desktop/CU/Y2/S2/HW_Lab/final/final_project_320_640/final_project_320_640.srcs/sources_1/imports/New folder/frame_buffer.v:1]
INFO: [Synth 8-6157] synthesizing module 'filter_sel' [D:/Desktop/CU/Y2/S2/HW_Lab/final/final_project_320_640/final_project_320_640.srcs/sources_1/imports/New folder/filter_sel.v:1]
INFO: [Synth 8-6155] done synthesizing module 'filter_sel' (0#1) [D:/Desktop/CU/Y2/S2/HW_Lab/final/final_project_320_640/final_project_320_640.srcs/sources_1/imports/New folder/filter_sel.v:1]
INFO: [Synth 8-6155] done synthesizing module 'top_module' (0#1) [D:/Desktop/CU/Y2/S2/HW_Lab/final/final_project_320_640/final_project_320_640.srcs/sources_1/imports/New folder/top_module.v:1]
WARNING: [Synth 8-6014] Unused sequential element x_reg was removed.  [D:/Desktop/CU/Y2/S2/HW_Lab/final/final_project_320_640/final_project_320_640.srcs/sources_1/imports/New folder/ov7670_capture.v:22]
WARNING: [Synth 8-6014] Unused sequential element y_reg was removed.  [D:/Desktop/CU/Y2/S2/HW_Lab/final/final_project_320_640/final_project_320_640.srcs/sources_1/imports/New folder/ov7670_capture.v:23]
WARNING: [Synth 8-3917] design top_module has port pwdn_cam driven by constant 0
WARNING: [Synth 8-3917] design top_module has port rst_cam driven by constant 1
---------------------------------------------------------------------------------
Finished RTL Elaboration : Time (s): cpu = 00:00:08 ; elapsed = 00:00:10 . Memory (MB): peak = 1398.938 ; gain = 665.789
---------------------------------------------------------------------------------
---------------------------------------------------------------------------------
Start Handling Custom Attributes
---------------------------------------------------------------------------------
---------------------------------------------------------------------------------
Finished Handling Custom Attributes : Time (s): cpu = 00:00:08 ; elapsed = 00:00:10 . Memory (MB): peak = 1398.938 ; gain = 665.789
---------------------------------------------------------------------------------
---------------------------------------------------------------------------------
Finished RTL Optimization Phase 1 : Time (s): cpu = 00:00:08 ; elapsed = 00:00:10 . Memory (MB): peak = 1398.938 ; gain = 665.789
---------------------------------------------------------------------------------
Netlist sorting complete. Time (s): cpu = 00:00:00 ; elapsed = 00:00:00.010 . Memory (MB): peak = 1398.938 ; gain = 0.000
INFO: [Project 1-570] Preparing netlist for logic optimization

Processing XDC Constraints
Initializing timing engine
Parsing XDC File [d:/Desktop/CU/Y2/S2/HW_Lab/final/final_project_320_640/final_project_320_640.gen/sources_1/ip/blk_mem_gen_0/blk_mem_gen_0/blk_mem_gen_1_in_context.xdc] for cell 'fb/mem'
Finished Parsing XDC File [d:/Desktop/CU/Y2/S2/HW_Lab/final/final_project_320_640/final_project_320_640.gen/sources_1/ip/blk_mem_gen_0/blk_mem_gen_0/blk_mem_gen_1_in_context.xdc] for cell 'fb/mem'
Parsing XDC File [d:/Desktop/CU/Y2/S2/HW_Lab/final/final_project_320_640/final_project_320_640.gen/sources_1/ip/clk_wiz_0/clk_wiz_0/clk_wiz_0_in_context.xdc] for cell 'clkgen/clk'
Finished Parsing XDC File [d:/Desktop/CU/Y2/S2/HW_Lab/final/final_project_320_640/final_project_320_640.gen/sources_1/ip/clk_wiz_0/clk_wiz_0/clk_wiz_0_in_context.xdc] for cell 'clkgen/clk'
Parsing XDC File [D:/Desktop/CU/Y2/S2/HW_Lab/final/final_project_320_640/final_project_320_640.srcs/constrs_1/imports/new/constraints.xdc]
WARNING: [Constraints 18-619] A clock with name 'clk' already exists, overwriting the previous clock with the same name. [D:/Desktop/CU/Y2/S2/HW_Lab/final/final_project_320_640/final_project_320_640.srcs/constrs_1/imports/new/constraints.xdc:3]
WARNING: [Vivado 12-584] No ports matched 'led[0]'. [D:/Desktop/CU/Y2/S2/HW_Lab/final/final_project_320_640/final_project_320_640.srcs/constrs_1/imports/new/constraints.xdc:15]
WARNING: [Vivado 12-584] No ports matched 'led[1]'. [D:/Desktop/CU/Y2/S2/HW_Lab/final/final_project_320_640/final_project_320_640.srcs/constrs_1/imports/new/constraints.xdc:16]
WARNING: [Vivado 12-584] No ports matched 'led[2]'. [D:/Desktop/CU/Y2/S2/HW_Lab/final/final_project_320_640/final_project_320_640.srcs/constrs_1/imports/new/constraints.xdc:17]
Finished Parsing XDC File [D:/Desktop/CU/Y2/S2/HW_Lab/final/final_project_320_640/final_project_320_640.srcs/constrs_1/imports/new/constraints.xdc]
WARNING: [Project 1-498] One or more constraints failed evaluation while reading constraint file [D:/Desktop/CU/Y2/S2/HW_Lab/final/final_project_320_640/final_project_320_640.srcs/constrs_1/imports/new/constraints.xdc] and the design contains unresolved black boxes. These constraints will be read post-synthesis (as long as their source constraint file is marked as used_in_implementation) and should be applied correctly then. You should review the constraints listed in the file [.Xil/top_module_propImpl.xdc] and check the run log file to verify that these constraints were correctly applied.
INFO: [Project 1-236] Implementation specific constraints were found while reading constraint file [D:/Desktop/CU/Y2/S2/HW_Lab/final/final_project_320_640/final_project_320_640.srcs/constrs_1/imports/new/constraints.xdc]. These constraints will be ignored for synthesis but will be used in implementation. Impacted constraints are listed in the file [.Xil/top_module_propImpl.xdc].
Resolution: To avoid this warning, move constraints listed in [.Xil/top_module_propImpl.xdc] to another XDC file and exclude this new file from synthesis with the used_in_synthesis property (File Properties dialog in GUI) and re-run elaboration/synthesis.
Parsing XDC File [D:/Desktop/CU/Y2/S2/HW_Lab/final/final_project_320_640/final_project_320_640.runs/synth_1/dont_touch.xdc]
Finished Parsing XDC File [D:/Desktop/CU/Y2/S2/HW_Lab/final/final_project_320_640/final_project_320_640.runs/synth_1/dont_touch.xdc]
Completed Processing XDC Constraints

Netlist sorting complete. Time (s): cpu = 00:00:00 ; elapsed = 00:00:00 . Memory (MB): peak = 1467.816 ; gain = 0.000
INFO: [Project 1-111] Unisim Transformation Summary:
No Unisim elements were transformed.

Constraint Validation Runtime : Time (s): cpu = 00:00:00 ; elapsed = 00:00:00.013 . Memory (MB): peak = 1467.816 ; gain = 0.000
INFO: [Designutils 20-5440] No compile time benefit to using incremental synthesis; A full resynthesis will be run
INFO: [Designutils 20-4379] Flow is switching to default flow due to incremental criteria not met. If you would like to alter this behaviour and have the flow terminate instead, please set the following parameter config_implementation {autoIncr.Synth.RejectBehavior Terminate}
---------------------------------------------------------------------------------
Finished Constraint Validation : Time (s): cpu = 00:00:18 ; elapsed = 00:00:21 . Memory (MB): peak = 1467.816 ; gain = 734.668
---------------------------------------------------------------------------------
---------------------------------------------------------------------------------
Start Loading Part and Timing Information
---------------------------------------------------------------------------------
Loading part: xc7a35tcpg236-1
---------------------------------------------------------------------------------
Finished Loading Part and Timing Information : Time (s): cpu = 00:00:18 ; elapsed = 00:00:21 . Memory (MB): peak = 1467.816 ; gain = 734.668
---------------------------------------------------------------------------------
---------------------------------------------------------------------------------
Start Applying 'set_property' XDC Constraints
---------------------------------------------------------------------------------
---------------------------------------------------------------------------------
Finished applying 'set_property' XDC Constraints : Time (s): cpu = 00:00:18 ; elapsed = 00:00:21 . Memory (MB): peak = 1467.816 ; gain = 734.668
---------------------------------------------------------------------------------
INFO: [Synth 8-802] inferred FSM for state register 'state_reg' in module 'ov7670_setting'
---------------------------------------------------------------------------------------------------
                   State |                     New Encoding |                Previous Encoding 
---------------------------------------------------------------------------------------------------
                    WAIT |                         00000001 |                              000
                    IDLE |                         00000010 |                              001
                    DONE |                         00000100 |                              111
                   START |                         00001000 |                              010
                    SEND |                         00010000 |                              011
                     ACK |                         00100000 |                              100
                    STOP |                         01000000 |                              101
                    NEXT |                         10000000 |                              110
---------------------------------------------------------------------------------------------------
INFO: [Synth 8-3354] encoded FSM with state register 'state_reg' using encoding 'one-hot' in module 'ov7670_setting'
---------------------------------------------------------------------------------
Finished RTL Optimization Phase 2 : Time (s): cpu = 00:00:19 ; elapsed = 00:00:22 . Memory (MB): peak = 1467.816 ; gain = 734.668
---------------------------------------------------------------------------------
---------------------------------------------------------------------------------
Start RTL Component Statistics 
---------------------------------------------------------------------------------
Detailed RTL Component Info : 
+---Adders : 
	   2 Input   20 Bit       Adders := 1     
	   3 Input   19 Bit       Adders := 1     
	   2 Input   10 Bit       Adders := 2     
	   2 Input    9 Bit       Adders := 1     
	   2 Input    8 Bit       Adders := 1     
	   3 Input    5 Bit       Adders := 1     
	   2 Input    3 Bit       Adders := 1     
	   2 Input    2 Bit       Adders := 1     
+---Registers : 
	               20 Bit    Registers := 1     
	               16 Bit    Registers := 1     
	               10 Bit    Registers := 2     
	                9 Bit    Registers := 1     
	                8 Bit    Registers := 3     
	                5 Bit    Registers := 4     
	                3 Bit    Registers := 1     
	                2 Bit    Registers := 2     
	                1 Bit    Registers := 9     
+---Muxes : 
	   8 Input   20 Bit        Muxes := 1     
	   2 Input   16 Bit        Muxes := 1     
	   2 Input    8 Bit        Muxes := 4     
	   8 Input    8 Bit        Muxes := 2     
	   2 Input    4 Bit        Muxes := 5     
	   8 Input    3 Bit        Muxes := 1     
	   4 Input    2 Bit        Muxes := 1     
	   8 Input    2 Bit        Muxes := 2     
	   4 Input    1 Bit        Muxes := 6     
	   2 Input    1 Bit        Muxes := 4     
	   8 Input    1 Bit        Muxes := 11    
---------------------------------------------------------------------------------
Finished RTL Component Statistics 
---------------------------------------------------------------------------------
---------------------------------------------------------------------------------
Start Part Resource Summary
---------------------------------------------------------------------------------
Part Resources:
DSPs: 90 (col length:60)
BRAMs: 100 (col length: RAMB18 60 RAMB36 30)
---------------------------------------------------------------------------------
Finished Part Resource Summary
---------------------------------------------------------------------------------
---------------------------------------------------------------------------------
Start Cross Boundary and Area Optimization
---------------------------------------------------------------------------------
WARNING: [Synth 8-3917] design top_module has port pwdn_cam driven by constant 0
WARNING: [Synth 8-3917] design top_module has port rst_cam driven by constant 1
WARNING: [Synth 8-3332] Sequential element (setting/FSM_onehot_state_reg[2]) is unused and will be removed from module top_module.
---------------------------------------------------------------------------------
Finished Cross Boundary and Area Optimization : Time (s): cpu = 00:00:22 ; elapsed = 00:00:25 . Memory (MB): peak = 1467.816 ; gain = 734.668
---------------------------------------------------------------------------------
---------------------------------------------------------------------------------
Start ROM, RAM, DSP, Shift Register and Retiming Reporting
---------------------------------------------------------------------------------

ROM: Preliminary Mapping Report
+-----------------+-----------------------+---------------+----------------+
|Module Name      | RTL Object            | Depth x Width | Implemented As | 
+-----------------+-----------------------+---------------+----------------+
|ov7670_registers | setting               | 128x16        | LUT            | 
|top_module       | setting/count_reg_rep | 128x16        | Block RAM      | 
+-----------------+-----------------------+---------------+----------------+

---------------------------------------------------------------------------------
Finished ROM, RAM, DSP, Shift Register and Retiming Reporting
---------------------------------------------------------------------------------
---------------------------------------------------------------------------------
Start Applying XDC Timing Constraints
---------------------------------------------------------------------------------
WARNING: [Synth 8-565] redefining clock 'clk'
---------------------------------------------------------------------------------
Finished Applying XDC Timing Constraints : Time (s): cpu = 00:00:29 ; elapsed = 00:00:32 . Memory (MB): peak = 1595.586 ; gain = 862.438
---------------------------------------------------------------------------------
---------------------------------------------------------------------------------
Start Timing Optimization
---------------------------------------------------------------------------------
---------------------------------------------------------------------------------
Finished Timing Optimization : Time (s): cpu = 00:00:29 ; elapsed = 00:00:33 . Memory (MB): peak = 1629.363 ; gain = 896.215
---------------------------------------------------------------------------------
---------------------------------------------------------------------------------
Start Technology Mapping
---------------------------------------------------------------------------------
INFO: [Synth 8-7052] The timing for the instance setting/count_reg_rep (implemented as a Block RAM) might be sub-optimal as no optional output register could be merged into the ram block. Providing additional output register may help in improving timing.
---------------------------------------------------------------------------------
Finished Technology Mapping : Time (s): cpu = 00:00:29 ; elapsed = 00:00:33 . Memory (MB): peak = 1629.918 ; gain = 896.770
---------------------------------------------------------------------------------
---------------------------------------------------------------------------------
Start IO Insertion
---------------------------------------------------------------------------------
---------------------------------------------------------------------------------
Start Flattening Before IO Insertion
---------------------------------------------------------------------------------
---------------------------------------------------------------------------------
Finished Flattening Before IO Insertion
---------------------------------------------------------------------------------
---------------------------------------------------------------------------------
Start Final Netlist Cleanup
---------------------------------------------------------------------------------
---------------------------------------------------------------------------------
Finished Final Netlist Cleanup
---------------------------------------------------------------------------------
CRITICAL WARNING: [Synth 8-4442] BlackBox module \fb/mem  has unconnected pin dinb[4]
CRITICAL WARNING: [Synth 8-4442] BlackBox module \fb/mem  has unconnected pin dinb[3]
CRITICAL WARNING: [Synth 8-4442] BlackBox module \fb/mem  has unconnected pin dinb[2]
CRITICAL WARNING: [Synth 8-4442] BlackBox module \fb/mem  has unconnected pin dinb[1]
CRITICAL WARNING: [Synth 8-4442] BlackBox module \fb/mem  has unconnected pin dinb[0]
---------------------------------------------------------------------------------
Finished IO Insertion : Time (s): cpu = 00:00:34 ; elapsed = 00:00:38 . Memory (MB): peak = 1858.199 ; gain = 1125.051
---------------------------------------------------------------------------------
---------------------------------------------------------------------------------
Start Renaming Generated Instances
---------------------------------------------------------------------------------
---------------------------------------------------------------------------------
Finished Renaming Generated Instances : Time (s): cpu = 00:00:34 ; elapsed = 00:00:38 . Memory (MB): peak = 1858.199 ; gain = 1125.051
---------------------------------------------------------------------------------
---------------------------------------------------------------------------------
Start Rebuilding User Hierarchy
---------------------------------------------------------------------------------
---------------------------------------------------------------------------------
Finished Rebuilding User Hierarchy : Time (s): cpu = 00:00:34 ; elapsed = 00:00:38 . Memory (MB): peak = 1858.199 ; gain = 1125.051
---------------------------------------------------------------------------------
---------------------------------------------------------------------------------
Start Renaming Generated Ports
---------------------------------------------------------------------------------
---------------------------------------------------------------------------------
Finished Renaming Generated Ports : Time (s): cpu = 00:00:34 ; elapsed = 00:00:38 . Memory (MB): peak = 1858.199 ; gain = 1125.051
---------------------------------------------------------------------------------
---------------------------------------------------------------------------------
Start Handling Custom Attributes
---------------------------------------------------------------------------------
---------------------------------------------------------------------------------
Finished Handling Custom Attributes : Time (s): cpu = 00:00:34 ; elapsed = 00:00:38 . Memory (MB): peak = 1858.211 ; gain = 1125.062
---------------------------------------------------------------------------------
---------------------------------------------------------------------------------
Start Renaming Generated Nets
---------------------------------------------------------------------------------
---------------------------------------------------------------------------------
Finished Renaming Generated Nets : Time (s): cpu = 00:00:34 ; elapsed = 00:00:38 . Memory (MB): peak = 1858.211 ; gain = 1125.062
---------------------------------------------------------------------------------
---------------------------------------------------------------------------------
Start ROM, RAM, DSP, Shift Register and Retiming Reporting
---------------------------------------------------------------------------------

Static Shift Register Report:
+------------+------------------------+--------+-------+--------------+--------------------+-------------------+--------+---------+
|Module Name | RTL Name               | Length | Width | Reset Signal | Pull out first Reg | Pull out last Reg | SRL16E | SRLC32E | 
+------------+------------------------+--------+-------+--------------+--------------------+-------------------+--------+---------+
|top_module  | hsync_vga_delay_reg[4] | 6      | 1     | NO           | NO                 | YES               | 1      | 0       | 
|top_module  | vsync_vga_delay_reg[4] | 6      | 1     | NO           | NO                 | YES               | 1      | 0       | 
|top_module  | video_on_delay_reg[4]  | 6      | 1     | NO           | NO                 | YES               | 1      | 0       | 
+------------+------------------------+--------+-------+--------------+--------------------+-------------------+--------+---------+

---------------------------------------------------------------------------------
Finished ROM, RAM, DSP, Shift Register and Retiming Reporting
---------------------------------------------------------------------------------
---------------------------------------------------------------------------------
Start Writing Synthesis Report
---------------------------------------------------------------------------------

Report BlackBoxes: 
+------+--------------+----------+
|      |BlackBox name |Instances |
+------+--------------+----------+
|1     |clk_wiz_0     |         1|
|2     |blk_mem_gen_0 |         1|
+------+--------------+----------+

Report Cell Usage: 
+------+------------+------+
|      |Cell        |Count |
+------+------------+------+
|1     |blk_mem_gen |     1|
|2     |clk_wiz     |     1|
|3     |BUFG        |     1|
|4     |CARRY4      |    14|
|5     |LUT1        |     4|
|6     |LUT2        |    28|
|7     |LUT3        |    34|
|8     |LUT4        |    33|
|9     |LUT5        |    30|
|10    |LUT6        |    46|
|11    |RAMB18E1    |     1|
|12    |SRL16E      |     3|
|13    |FDRE        |   114|
|14    |FDSE        |     6|
|15    |IBUF        |    12|
|16    |OBUF        |    19|
+------+------------+------+
---------------------------------------------------------------------------------
Finished Writing Synthesis Report : Time (s): cpu = 00:00:34 ; elapsed = 00:00:38 . Memory (MB): peak = 1858.211 ; gain = 1125.062
---------------------------------------------------------------------------------
Synthesis finished with 0 errors, 5 critical warnings and 4 warnings.
Synthesis Optimization Runtime : Time (s): cpu = 00:00:24 ; elapsed = 00:00:36 . Memory (MB): peak = 1858.211 ; gain = 1056.184
Synthesis Optimization Complete : Time (s): cpu = 00:00:35 ; elapsed = 00:00:38 . Memory (MB): peak = 1858.211 ; gain = 1125.062
INFO: [Project 1-571] Translating synthesized netlist
Netlist sorting complete. Time (s): cpu = 00:00:00 ; elapsed = 00:00:00.005 . Memory (MB): peak = 1867.340 ; gain = 0.000
INFO: [Netlist 29-17] Analyzing 15 Unisim elements for replacement
INFO: [Netlist 29-28] Unisim Transformation completed in 0 CPU seconds
INFO: [Project 1-570] Preparing netlist for logic optimization
INFO: [Opt 31-138] Pushed 0 inverter(s) to 0 load pin(s).
Netlist sorting complete. Time (s): cpu = 00:00:00 ; elapsed = 00:00:00 . Memory (MB): peak = 1871.027 ; gain = 0.000
INFO: [Project 1-111] Unisim Transformation Summary:
No Unisim elements were transformed.

Synth Design complete | Checksum: 1dcb428d
INFO: [Common 17-83] Releasing license: Synthesis
48 Infos, 16 Warnings, 5 Critical Warnings and 0 Errors encountered.
synth_design completed successfully
synth_design: Time (s): cpu = 00:00:39 ; elapsed = 00:00:46 . Memory (MB): peak = 1871.027 ; gain = 1329.141
INFO: [runtcl-6] Synthesis results are not added to the cache due to CRITICAL_WARNING
Write ShapeDB Complete: Time (s): cpu = 00:00:00 ; elapsed = 00:00:00.005 . Memory (MB): peak = 1871.027 ; gain = 0.000
INFO: [Common 17-1381] The checkpoint 'D:/Desktop/CU/Y2/S2/HW_Lab/final/final_project_320_640/final_project_320_640.runs/synth_1/top_module.dcp' has been generated.
INFO: [Vivado 12-24828] Executing command : report_utilization -file top_module_utilization_synth.rpt -pb top_module_utilization_synth.pb
INFO: [Common 17-206] Exiting Vivado at Wed May 13 18:13:49 2026...
